

Started GET "/" for 127.0.0.1 at 2016-02-27 17:45:15 -0800
Processing by Rails::WelcomeController#index as HTML
  Rendered /Users/austinthesing/.rvm/gems/ruby-2.2.1/gems/railties-4.1.0/lib/rails/templates/rails/welcome/index.html.erb (2.5ms)
Completed 200 OK in 20ms (Views: 11.9ms | ActiveRecord: 0.0ms)


Started GET "/" for 127.0.0.1 at 2016-02-27 18:50:50 -0800
Processing by PagesController#home as HTML
  Rendered pages/home.html.erb within layouts/application (1.7ms)
Completed 200 OK in 2198ms (Views: 2187.0ms | ActiveRecord: 0.0ms)


Started GET "/assets/pages-539b1b2d248fcacaf845c897cae976a6.css?body=1" for 127.0.0.1 at 2016-02-27 18:50:53 -0800


Started GET "/assets/application-2e9d1cb72084fa4225b20f531bad849f.css?body=1" for 127.0.0.1 at 2016-02-27 18:50:53 -0800


Started GET "/assets/jquery_ujs-f0a443983bc68ad1dbbc158b4a5ed6e3.js?body=1" for 127.0.0.1 at 2016-02-27 18:50:53 -0800


Started GET "/assets/turbolinks-9e3b65eeeac0c6118c3e8c9bcedabb82.js?body=1" for 127.0.0.1 at 2016-02-27 18:50:53 -0800


Started GET "/assets/jquery-ea5fcc383f1c3ba0951dc18cd0671f8c.js?body=1" for 127.0.0.1 at 2016-02-27 18:50:53 -0800


Started GET "/assets/pages-f6c6ef02137813db1b2df8e2c31983a1.js?body=1" for 127.0.0.1 at 2016-02-27 18:50:53 -0800


Started GET "/assets/application-ecc799760e7774898f2ca1683c814370.js?body=1" for 127.0.0.1 at 2016-02-27 18:50:53 -0800


Started GET "/" for 127.0.0.1 at 2016-02-27 18:50:55 -0800
Processing by PagesController#home as HTML
  Rendered pages/home.html.erb within layouts/application (0.1ms)
Completed 200 OK in 57ms (Views: 56.7ms | ActiveRecord: 0.0ms)


Started GET "/assets/pages-539b1b2d248fcacaf845c897cae976a6.css?body=1" for 127.0.0.1 at 2016-02-27 18:50:55 -0800


Started GET "/assets/application-2e9d1cb72084fa4225b20f531bad849f.css?body=1" for 127.0.0.1 at 2016-02-27 18:50:55 -0800


Started GET "/assets/jquery-ea5fcc383f1c3ba0951dc18cd0671f8c.js?body=1" for 127.0.0.1 at 2016-02-27 18:50:55 -0800


Started GET "/assets/jquery_ujs-f0a443983bc68ad1dbbc158b4a5ed6e3.js?body=1" for 127.0.0.1 at 2016-02-27 18:50:55 -0800


Started GET "/assets/turbolinks-9e3b65eeeac0c6118c3e8c9bcedabb82.js?body=1" for 127.0.0.1 at 2016-02-27 18:50:55 -0800


Started GET "/assets/pages-f6c6ef02137813db1b2df8e2c31983a1.js?body=1" for 127.0.0.1 at 2016-02-27 18:50:55 -0800


Started GET "/assets/application-ecc799760e7774898f2ca1683c814370.js?body=1" for 127.0.0.1 at 2016-02-27 18:50:55 -0800


Started GET "/" for 127.0.0.1 at 2016-02-27 19:43:13 -0800
Processing by PagesController#home as HTML
  Rendered pages/home.html.erb within layouts/application (1.8ms)
Completed 200 OK in 115ms (Views: 103.1ms | ActiveRecord: 0.0ms)


Started GET "/assets/pages-539b1b2d248fcacaf845c897cae976a6.css?body=1" for 127.0.0.1 at 2016-02-27 19:43:14 -0800


Started GET "/assets/application-ecc799760e7774898f2ca1683c814370.js?body=1" for 127.0.0.1 at 2016-02-27 19:43:14 -0800


Started GET "/assets/application-2e9d1cb72084fa4225b20f531bad849f.css?body=1" for 127.0.0.1 at 2016-02-27 19:43:14 -0800


Started GET "/assets/jquery_ujs-f0a443983bc68ad1dbbc158b4a5ed6e3.js?body=1" for 127.0.0.1 at 2016-02-27 19:43:14 -0800


Started GET "/assets/turbolinks-9e3b65eeeac0c6118c3e8c9bcedabb82.js?body=1" for 127.0.0.1 at 2016-02-27 19:43:14 -0800


Started GET "/assets/jquery-ea5fcc383f1c3ba0951dc18cd0671f8c.js?body=1" for 127.0.0.1 at 2016-02-27 19:43:14 -0800


Started GET "/assets/pages-f6c6ef02137813db1b2df8e2c31983a1.js?body=1" for 127.0.0.1 at 2016-02-27 19:43:14 -0800


Started GET "/about" for 127.0.0.1 at 2016-02-27 19:43:57 -0800

AbstractController::ActionNotFound (The action 'about' could not be found for PagesController):
  actionpack (4.1.0) lib/abstract_controller/base.rb:131:in `process'
  actionview (4.1.0) lib/action_view/rendering.rb:30:in `process'
  actionpack (4.1.0) lib/action_controller/metal.rb:195:in `dispatch'
  actionpack (4.1.0) lib/action_controller/metal/rack_delegation.rb:13:in `dispatch'
  actionpack (4.1.0) lib/action_controller/metal.rb:231:in `block in action'
  actionpack (4.1.0) lib/action_dispatch/routing/route_set.rb:80:in `call'
  actionpack (4.1.0) lib/action_dispatch/routing/route_set.rb:80:in `dispatch'
  actionpack (4.1.0) lib/action_dispatch/routing/route_set.rb:48:in `call'
  actionpack (4.1.0) lib/action_dispatch/journey/router.rb:71:in `block in call'
  actionpack (4.1.0) lib/action_dispatch/journey/router.rb:59:in `each'
  actionpack (4.1.0) lib/action_dispatch/journey/router.rb:59:in `call'
  actionpack (4.1.0) lib/action_dispatch/routing/route_set.rb:676:in `call'
  rack (1.5.5) lib/rack/etag.rb:23:in `call'
  rack (1.5.5) lib/rack/conditionalget.rb:25:in `call'
  rack (1.5.5) lib/rack/head.rb:11:in `call'
  actionpack (4.1.0) lib/action_dispatch/middleware/params_parser.rb:27:in `call'
  actionpack (4.1.0) lib/action_dispatch/middleware/flash.rb:254:in `call'
  rack (1.5.5) lib/rack/session/abstract/id.rb:225:in `context'
  rack (1.5.5) lib/rack/session/abstract/id.rb:220:in `call'
  actionpack (4.1.0) lib/action_dispatch/middleware/cookies.rb:560:in `call'
  activerecord (4.1.0) lib/active_record/query_cache.rb:36:in `call'
  activerecord (4.1.0) lib/active_record/connection_adapters/abstract/connection_pool.rb:621:in `call'
  activerecord (4.1.0) lib/active_record/migration.rb:380:in `call'
  actionpack (4.1.0) lib/action_dispatch/middleware/callbacks.rb:29:in `block in call'
  activesupport (4.1.0) lib/active_support/callbacks.rb:82:in `run_callbacks'
  actionpack (4.1.0) lib/action_dispatch/middleware/callbacks.rb:27:in `call'
  actionpack (4.1.0) lib/action_dispatch/middleware/reloader.rb:73:in `call'
  actionpack (4.1.0) lib/action_dispatch/middleware/remote_ip.rb:76:in `call'
  actionpack (4.1.0) lib/action_dispatch/middleware/debug_exceptions.rb:17:in `call'
  actionpack (4.1.0) lib/action_dispatch/middleware/show_exceptions.rb:30:in `call'
  railties (4.1.0) lib/rails/rack/logger.rb:38:in `call_app'
  railties (4.1.0) lib/rails/rack/logger.rb:20:in `block in call'
  activesupport (4.1.0) lib/active_support/tagged_logging.rb:68:in `block in tagged'
  activesupport (4.1.0) lib/active_support/tagged_logging.rb:26:in `tagged'
  activesupport (4.1.0) lib/active_support/tagged_logging.rb:68:in `tagged'
  railties (4.1.0) lib/rails/rack/logger.rb:20:in `call'
  actionpack (4.1.0) lib/action_dispatch/middleware/request_id.rb:21:in `call'
  rack (1.5.5) lib/rack/methodoverride.rb:21:in `call'
  rack (1.5.5) lib/rack/runtime.rb:17:in `call'
  activesupport (4.1.0) lib/active_support/cache/strategy/local_cache_middleware.rb:26:in `call'
  rack (1.5.5) lib/rack/lock.rb:17:in `call'
  actionpack (4.1.0) lib/action_dispatch/middleware/static.rb:64:in `call'
  rack (1.5.5) lib/rack/sendfile.rb:112:in `call'
  railties (4.1.0) lib/rails/engine.rb:514:in `call'
  railties (4.1.0) lib/rails/application.rb:144:in `call'
  rack (1.5.5) lib/rack/lock.rb:17:in `call'
  rack (1.5.5) lib/rack/content_length.rb:14:in `call'
  rack (1.5.5) lib/rack/handler/webrick.rb:60:in `service'
  /Users/austinthesing/.rvm/rubies/ruby-2.2.1/lib/ruby/2.2.0/webrick/httpserver.rb:138:in `service'
  /Users/austinthesing/.rvm/rubies/ruby-2.2.1/lib/ruby/2.2.0/webrick/httpserver.rb:94:in `run'
  /Users/austinthesing/.rvm/rubies/ruby-2.2.1/lib/ruby/2.2.0/webrick/server.rb:294:in `block in start_thread'


  Rendered /Users/austinthesing/.rvm/gems/ruby-2.2.1/gems/actionpack-4.1.0/lib/action_dispatch/middleware/templates/rescues/unknown_action.html.erb within rescues/layout (0.4ms)


Started GET "/about" for 127.0.0.1 at 2016-02-27 19:44:18 -0800
Processing by PagesController#about as HTML
Completed 500 Internal Server Error in 4ms

ActionView::MissingTemplate (Missing template pages/about, application/about with {:locale=>[:en], :formats=>[:html], :variants=>[], :handlers=>[:erb, :builder, :raw, :ruby, :jbuilder, :coffee]}. Searched in:
  * "/Users/austinthesing/codermanual/workspace/dev-match_saas_app/app/views"
):
  actionview (4.1.0) lib/action_view/path_set.rb:46:in `find'
  actionview (4.1.0) lib/action_view/lookup_context.rb:124:in `find'
  actionview (4.1.0) lib/action_view/renderer/abstract_renderer.rb:18:in `find_template'
  actionview (4.1.0) lib/action_view/renderer/template_renderer.rb:41:in `determine_template'
  actionview (4.1.0) lib/action_view/renderer/template_renderer.rb:8:in `render'
  actionview (4.1.0) lib/action_view/renderer/renderer.rb:42:in `render_template'
  actionview (4.1.0) lib/action_view/renderer/renderer.rb:23:in `render'
  actionview (4.1.0) lib/action_view/rendering.rb:99:in `_render_template'
  actionpack (4.1.0) lib/action_controller/metal/streaming.rb:217:in `_render_template'
  actionview (4.1.0) lib/action_view/rendering.rb:82:in `render_to_body'
  actionpack (4.1.0) lib/action_controller/metal/rendering.rb:32:in `render_to_body'
  actionpack (4.1.0) lib/action_controller/metal/renderers.rb:32:in `render_to_body'
  actionpack (4.1.0) lib/abstract_controller/rendering.rb:25:in `render'
  actionpack (4.1.0) lib/action_controller/metal/rendering.rb:16:in `render'
  actionpack (4.1.0) lib/action_controller/metal/instrumentation.rb:41:in `block (2 levels) in render'
  activesupport (4.1.0) lib/active_support/core_ext/benchmark.rb:12:in `block in ms'
  /Users/austinthesing/.rvm/rubies/ruby-2.2.1/lib/ruby/2.2.0/benchmark.rb:303:in `realtime'
  activesupport (4.1.0) lib/active_support/core_ext/benchmark.rb:12:in `ms'
  actionpack (4.1.0) lib/action_controller/metal/instrumentation.rb:41:in `block in render'
  actionpack (4.1.0) lib/action_controller/metal/instrumentation.rb:84:in `cleanup_view_runtime'
  activerecord (4.1.0) lib/active_record/railties/controller_runtime.rb:25:in `cleanup_view_runtime'
  actionpack (4.1.0) lib/action_controller/metal/instrumentation.rb:40:in `render'
  actionpack (4.1.0) lib/action_controller/metal/implicit_render.rb:10:in `default_render'
  actionpack (4.1.0) lib/action_controller/metal/implicit_render.rb:5:in `send_action'
  actionpack (4.1.0) lib/abstract_controller/base.rb:189:in `process_action'
  actionpack (4.1.0) lib/action_controller/metal/rendering.rb:10:in `process_action'
  actionpack (4.1.0) lib/abstract_controller/callbacks.rb:20:in `block in process_action'
  activesupport (4.1.0) lib/active_support/callbacks.rb:113:in `call'
  activesupport (4.1.0) lib/active_support/callbacks.rb:113:in `call'
  activesupport (4.1.0) lib/active_support/callbacks.rb:229:in `block in halting'
  activesupport (4.1.0) lib/active_support/callbacks.rb:229:in `call'
  activesupport (4.1.0) lib/active_support/callbacks.rb:229:in `block in halting'
  activesupport (4.1.0) lib/active_support/callbacks.rb:166:in `call'
  activesupport (4.1.0) lib/active_support/callbacks.rb:166:in `block in halting'
  activesupport (4.1.0) lib/active_support/callbacks.rb:166:in `call'
  activesupport (4.1.0) lib/active_support/callbacks.rb:166:in `block in halting'
  activesupport (4.1.0) lib/active_support/callbacks.rb:166:in `call'
  activesupport (4.1.0) lib/active_support/callbacks.rb:166:in `block in halting'
  activesupport (4.1.0) lib/active_support/callbacks.rb:86:in `call'
  activesupport (4.1.0) lib/active_support/callbacks.rb:86:in `run_callbacks'
  actionpack (4.1.0) lib/abstract_controller/callbacks.rb:19:in `process_action'
  actionpack (4.1.0) lib/action_controller/metal/rescue.rb:29:in `process_action'
  actionpack (4.1.0) lib/action_controller/metal/instrumentation.rb:31:in `block in process_action'
  activesupport (4.1.0) lib/active_support/notifications.rb:159:in `block in instrument'
  activesupport (4.1.0) lib/active_support/notifications/instrumenter.rb:20:in `instrument'
  activesupport (4.1.0) lib/active_support/notifications.rb:159:in `instrument'
  actionpack (4.1.0) lib/action_controller/metal/instrumentation.rb:30:in `process_action'
  actionpack (4.1.0) lib/action_controller/metal/params_wrapper.rb:250:in `process_action'
  activerecord (4.1.0) lib/active_record/railties/controller_runtime.rb:18:in `process_action'
  actionpack (4.1.0) lib/abstract_controller/base.rb:136:in `process'
  actionview (4.1.0) lib/action_view/rendering.rb:30:in `process'
  actionpack (4.1.0) lib/action_controller/metal.rb:195:in `dispatch'
  actionpack (4.1.0) lib/action_controller/metal/rack_delegation.rb:13:in `dispatch'
  actionpack (4.1.0) lib/action_controller/metal.rb:231:in `block in action'
  actionpack (4.1.0) lib/action_dispatch/routing/route_set.rb:80:in `call'
  actionpack (4.1.0) lib/action_dispatch/routing/route_set.rb:80:in `dispatch'
  actionpack (4.1.0) lib/action_dispatch/routing/route_set.rb:48:in `call'
  actionpack (4.1.0) lib/action_dispatch/journey/router.rb:71:in `block in call'
  actionpack (4.1.0) lib/action_dispatch/journey/router.rb:59:in `each'
  actionpack (4.1.0) lib/action_dispatch/journey/router.rb:59:in `call'
  actionpack (4.1.0) lib/action_dispatch/routing/route_set.rb:676:in `call'
  rack (1.5.5) lib/rack/etag.rb:23:in `call'
  rack (1.5.5) lib/rack/conditionalget.rb:25:in `call'
  rack (1.5.5) lib/rack/head.rb:11:in `call'
  actionpack (4.1.0) lib/action_dispatch/middleware/params_parser.rb:27:in `call'
  actionpack (4.1.0) lib/action_dispatch/middleware/flash.rb:254:in `call'
  rack (1.5.5) lib/rack/session/abstract/id.rb:225:in `context'
  rack (1.5.5) lib/rack/session/abstract/id.rb:220:in `call'
  actionpack (4.1.0) lib/action_dispatch/middleware/cookies.rb:560:in `call'
  activerecord (4.1.0) lib/active_record/query_cache.rb:36:in `call'
  activerecord (4.1.0) lib/active_record/connection_adapters/abstract/connection_pool.rb:621:in `call'
  activerecord (4.1.0) lib/active_record/migration.rb:380:in `call'
  actionpack (4.1.0) lib/action_dispatch/middleware/callbacks.rb:29:in `block in call'
  activesupport (4.1.0) lib/active_support/callbacks.rb:82:in `run_callbacks'
  actionpack (4.1.0) lib/action_dispatch/middleware/callbacks.rb:27:in `call'
  actionpack (4.1.0) lib/action_dispatch/middleware/reloader.rb:73:in `call'
  actionpack (4.1.0) lib/action_dispatch/middleware/remote_ip.rb:76:in `call'
  actionpack (4.1.0) lib/action_dispatch/middleware/debug_exceptions.rb:17:in `call'
  actionpack (4.1.0) lib/action_dispatch/middleware/show_exceptions.rb:30:in `call'
  railties (4.1.0) lib/rails/rack/logger.rb:38:in `call_app'
  railties (4.1.0) lib/rails/rack/logger.rb:20:in `block in call'
  activesupport (4.1.0) lib/active_support/tagged_logging.rb:68:in `block in tagged'
  activesupport (4.1.0) lib/active_support/tagged_logging.rb:26:in `tagged'
  activesupport (4.1.0) lib/active_support/tagged_logging.rb:68:in `tagged'
  railties (4.1.0) lib/rails/rack/logger.rb:20:in `call'
  actionpack (4.1.0) lib/action_dispatch/middleware/request_id.rb:21:in `call'
  rack (1.5.5) lib/rack/methodoverride.rb:21:in `call'
  rack (1.5.5) lib/rack/runtime.rb:17:in `call'
  activesupport (4.1.0) lib/active_support/cache/strategy/local_cache_middleware.rb:26:in `call'
  rack (1.5.5) lib/rack/lock.rb:17:in `call'
  actionpack (4.1.0) lib/action_dispatch/middleware/static.rb:64:in `call'
  rack (1.5.5) lib/rack/sendfile.rb:112:in `call'
  railties (4.1.0) lib/rails/engine.rb:514:in `call'
  railties (4.1.0) lib/rails/application.rb:144:in `call'
  rack (1.5.5) lib/rack/lock.rb:17:in `call'
  rack (1.5.5) lib/rack/content_length.rb:14:in `call'
  rack (1.5.5) lib/rack/handler/webrick.rb:60:in `service'
  /Users/austinthesing/.rvm/rubies/ruby-2.2.1/lib/ruby/2.2.0/webrick/httpserver.rb:138:in `service'
  /Users/austinthesing/.rvm/rubies/ruby-2.2.1/lib/ruby/2.2.0/webrick/httpserver.rb:94:in `run'
  /Users/austinthesing/.rvm/rubies/ruby-2.2.1/lib/ruby/2.2.0/webrick/server.rb:294:in `block in start_thread'


  Rendered /Users/austinthesing/.rvm/gems/ruby-2.2.1/gems/actionpack-4.1.0/lib/action_dispatch/middleware/templates/rescues/missing_template.html.erb within rescues/layout (0.6ms)


Started GET "/about" for 127.0.0.1 at 2016-02-27 19:44:38 -0800
Processing by PagesController#about as HTML
  Rendered pages/about.html.erb within layouts/application (0.7ms)
Completed 200 OK in 39ms (Views: 38.4ms | ActiveRecord: 0.0ms)


Started GET "/assets/pages-539b1b2d248fcacaf845c897cae976a6.css?body=1" for 127.0.0.1 at 2016-02-27 19:44:39 -0800


Started GET "/assets/jquery_ujs-f0a443983bc68ad1dbbc158b4a5ed6e3.js?body=1" for 127.0.0.1 at 2016-02-27 19:44:39 -0800


Started GET "/assets/application-2e9d1cb72084fa4225b20f531bad849f.css?body=1" for 127.0.0.1 at 2016-02-27 19:44:39 -0800


Started GET "/assets/jquery-ea5fcc383f1c3ba0951dc18cd0671f8c.js?body=1" for 127.0.0.1 at 2016-02-27 19:44:39 -0800


Started GET "/assets/turbolinks-9e3b65eeeac0c6118c3e8c9bcedabb82.js?body=1" for 127.0.0.1 at 2016-02-27 19:44:39 -0800


Started GET "/assets/pages-f6c6ef02137813db1b2df8e2c31983a1.js?body=1" for 127.0.0.1 at 2016-02-27 19:44:39 -0800


Started GET "/assets/application-ecc799760e7774898f2ca1683c814370.js?body=1" for 127.0.0.1 at 2016-02-27 19:44:39 -0800


Started GET "/" for 127.0.0.1 at 2016-02-27 19:44:41 -0800
Processing by PagesController#home as HTML
  Rendered pages/home.html.erb within layouts/application (0.1ms)
Completed 200 OK in 44ms (Views: 43.6ms | ActiveRecord: 0.0ms)


Started GET "/assets/jquery_ujs-f0a443983bc68ad1dbbc158b4a5ed6e3.js?body=1" for 127.0.0.1 at 2016-02-27 19:44:41 -0800


Started GET "/assets/pages-539b1b2d248fcacaf845c897cae976a6.css?body=1" for 127.0.0.1 at 2016-02-27 19:44:41 -0800


Started GET "/assets/jquery-ea5fcc383f1c3ba0951dc18cd0671f8c.js?body=1" for 127.0.0.1 at 2016-02-27 19:44:41 -0800


Started GET "/assets/application-2e9d1cb72084fa4225b20f531bad849f.css?body=1" for 127.0.0.1 at 2016-02-27 19:44:41 -0800


Started GET "/assets/turbolinks-9e3b65eeeac0c6118c3e8c9bcedabb82.js?body=1" for 127.0.0.1 at 2016-02-27 19:44:41 -0800


Started GET "/assets/pages-f6c6ef02137813db1b2df8e2c31983a1.js?body=1" for 127.0.0.1 at 2016-02-27 19:44:41 -0800


Started GET "/assets/application-ecc799760e7774898f2ca1683c814370.js?body=1" for 127.0.0.1 at 2016-02-27 19:44:41 -0800


Started GET "/" for 127.0.0.1 at 2016-02-27 20:10:39 -0800
Processing by PagesController#home as HTML
  Rendered pages/home.html.erb within layouts/application (1.7ms)
Completed 200 OK in 86ms (Views: 76.6ms | ActiveRecord: 0.0ms)


Started GET "/assets/pages-539b1b2d248fcacaf845c897cae976a6.css?body=1" for 127.0.0.1 at 2016-02-27 20:10:39 -0800


Started GET "/assets/application-2e9d1cb72084fa4225b20f531bad849f.css?body=1" for 127.0.0.1 at 2016-02-27 20:10:39 -0800


Started GET "/assets/application-ecc799760e7774898f2ca1683c814370.js?body=1" for 127.0.0.1 at 2016-02-27 20:10:39 -0800


Started GET "/assets/jquery_ujs-f0a443983bc68ad1dbbc158b4a5ed6e3.js?body=1" for 127.0.0.1 at 2016-02-27 20:10:39 -0800


Started GET "/assets/jquery-ea5fcc383f1c3ba0951dc18cd0671f8c.js?body=1" for 127.0.0.1 at 2016-02-27 20:10:39 -0800


Started GET "/assets/pages-f6c6ef02137813db1b2df8e2c31983a1.js?body=1" for 127.0.0.1 at 2016-02-27 20:10:39 -0800


Started GET "/assets/turbolinks-9e3b65eeeac0c6118c3e8c9bcedabb82.js?body=1" for 127.0.0.1 at 2016-02-27 20:10:39 -0800


Started GET "/" for 127.0.0.1 at 2016-02-27 20:10:41 -0800
Processing by PagesController#home as HTML
  Rendered pages/home.html.erb within layouts/application (0.0ms)
Completed 200 OK in 42ms (Views: 41.3ms | ActiveRecord: 0.0ms)


Started GET "/assets/pages-539b1b2d248fcacaf845c897cae976a6.css?body=1" for 127.0.0.1 at 2016-02-27 20:10:41 -0800


Started GET "/assets/application-2e9d1cb72084fa4225b20f531bad849f.css?body=1" for 127.0.0.1 at 2016-02-27 20:10:41 -0800


Started GET "/assets/jquery_ujs-f0a443983bc68ad1dbbc158b4a5ed6e3.js?body=1" for 127.0.0.1 at 2016-02-27 20:10:41 -0800


Started GET "/assets/turbolinks-9e3b65eeeac0c6118c3e8c9bcedabb82.js?body=1" for 127.0.0.1 at 2016-02-27 20:10:41 -0800


Started GET "/assets/jquery-ea5fcc383f1c3ba0951dc18cd0671f8c.js?body=1" for 127.0.0.1 at 2016-02-27 20:10:41 -0800


Started GET "/assets/pages-f6c6ef02137813db1b2df8e2c31983a1.js?body=1" for 127.0.0.1 at 2016-02-27 20:10:41 -0800


Started GET "/assets/application-ecc799760e7774898f2ca1683c814370.js?body=1" for 127.0.0.1 at 2016-02-27 20:10:41 -0800


Started GET "/" for 127.0.0.1 at 2016-02-27 20:19:04 -0800
Processing by PagesController#home as HTML
  Rendered pages/home.html.erb within layouts/application (0.3ms)
Completed 200 OK in 104ms (Views: 100.0ms | ActiveRecord: 0.0ms)


Started GET "/assets/application-2e9d1cb72084fa4225b20f531bad849f.css?body=1" for 127.0.0.1 at 2016-02-27 20:19:04 -0800


Started GET "/assets/pages-539b1b2d248fcacaf845c897cae976a6.css?body=1" for 127.0.0.1 at 2016-02-27 20:19:04 -0800


Started GET "/assets/jquery_ujs-f0a443983bc68ad1dbbc158b4a5ed6e3.js?body=1" for 127.0.0.1 at 2016-02-27 20:19:04 -0800


Started GET "/assets/application-ecc799760e7774898f2ca1683c814370.js?body=1" for 127.0.0.1 at 2016-02-27 20:19:04 -0800


Started GET "/assets/jquery-ea5fcc383f1c3ba0951dc18cd0671f8c.js?body=1" for 127.0.0.1 at 2016-02-27 20:19:04 -0800


Started GET "/assets/pages-f6c6ef02137813db1b2df8e2c31983a1.js?body=1" for 127.0.0.1 at 2016-02-27 20:19:04 -0800


Started GET "/assets/turbolinks-9e3b65eeeac0c6118c3e8c9bcedabb82.js?body=1" for 127.0.0.1 at 2016-02-27 20:19:04 -0800


Started GET "/" for 127.0.0.1 at 2016-02-27 22:09:10 -0800
Processing by PagesController#home as HTML
  Rendered pages/home.html.erb within layouts/application (0.4ms)
Completed 200 OK in 2043ms (Views: 2040.2ms | ActiveRecord: 0.0ms)


Started GET "/assets/jquery-ea5fcc383f1c3ba0951dc18cd0671f8c.js?body=1" for 127.0.0.1 at 2016-02-27 22:09:12 -0800


Started GET "/assets/application-78079c4f047cfe5df5addbcf60e2c282.css?body=1" for 127.0.0.1 at 2016-02-27 22:09:12 -0800


Started GET "/assets/turbolinks-9e3b65eeeac0c6118c3e8c9bcedabb82.js?body=1" for 127.0.0.1 at 2016-02-27 22:09:12 -0800


Started GET "/assets/jquery_ujs-f0a443983bc68ad1dbbc158b4a5ed6e3.js?body=1" for 127.0.0.1 at 2016-02-27 22:09:12 -0800


Started GET "/assets/application-ecc799760e7774898f2ca1683c814370.js?body=1" for 127.0.0.1 at 2016-02-27 22:09:12 -0800


Started GET "/assets/pages-f6c6ef02137813db1b2df8e2c31983a1.js?body=1" for 127.0.0.1 at 2016-02-27 22:09:12 -0800


Started GET "/" for 127.0.0.1 at 2016-02-27 22:11:21 -0800
Processing by PagesController#home as HTML
  Rendered pages/home.html.erb within layouts/application (0.1ms)
Completed 200 OK in 880ms (Views: 880.0ms | ActiveRecord: 0.0ms)


Started GET "/assets/application-78079c4f047cfe5df5addbcf60e2c282.css?body=1" for 127.0.0.1 at 2016-02-27 22:11:22 -0800


Started GET "/assets/jquery-ea5fcc383f1c3ba0951dc18cd0671f8c.js?body=1" for 127.0.0.1 at 2016-02-27 22:11:22 -0800


Started GET "/assets/jquery_ujs-f0a443983bc68ad1dbbc158b4a5ed6e3.js?body=1" for 127.0.0.1 at 2016-02-27 22:11:22 -0800


Started GET "/assets/turbolinks-9e3b65eeeac0c6118c3e8c9bcedabb82.js?body=1" for 127.0.0.1 at 2016-02-27 22:11:22 -0800


Started GET "/assets/pages-f6c6ef02137813db1b2df8e2c31983a1.js?body=1" for 127.0.0.1 at 2016-02-27 22:11:22 -0800


Started GET "/assets/application-ecc799760e7774898f2ca1683c814370.js?body=1" for 127.0.0.1 at 2016-02-27 22:11:22 -0800
